\BOOKMARK [-1][-]{part.1}{I What is Story of Adventure?}{}% 1
\BOOKMARK [0][-]{chapter.1}{Introduction to Story of Adventure}{part.1}% 2
\BOOKMARK [0][-]{chapter.2}{What is a Role Playing Game?}{part.1}% 3
\BOOKMARK [1][-]{section.2.1}{What is a Game Master \(GM\)?}{chapter.2}% 4
\BOOKMARK [1][-]{section.2.2}{What is a Player?}{chapter.2}% 5
\BOOKMARK [1][-]{section.2.3}{Sessions, Campaigns, and One-Off Adventures}{chapter.2}% 6
\BOOKMARK [2][-]{subsection.2.3.1}{Session}{section.2.3}% 7
\BOOKMARK [2][-]{subsection.2.3.2}{Campaign}{section.2.3}% 8
\BOOKMARK [2][-]{subsection.2.3.3}{One-Off}{section.2.3}% 9
\BOOKMARK [0][-]{chapter.3}{What makes Story of AdventureDifferent?}{part.1}% 10
\BOOKMARK [1][-]{section.3.1}{What is an Open Ended RPG?}{chapter.3}% 11
\BOOKMARK [2][-]{subsection.3.1.1}{Warning to the GM}{section.3.1}% 12
\BOOKMARK [-1][-]{part.2}{II Basic Mechanics}{}% 13
\BOOKMARK [0][-]{chapter.4}{Challenges}{part.2}% 14
\BOOKMARK [1][-]{section.4.1}{Success, Pass, \046 Fail}{chapter.4}% 15
\BOOKMARK [2][-]{subsection.4.1.1}{Degree of Success and Failure \(DSF\)}{section.4.1}% 16
\BOOKMARK [2][-]{subsection.4.1.2}{In Case of a Tie}{section.4.1}% 17
\BOOKMARK [1][-]{section.4.2}{Character vs Obstacle}{chapter.4}% 18
\BOOKMARK [2][-]{subsection.4.2.1}{Determined Threshold}{section.4.2}% 19
\BOOKMARK [1][-]{section.4.3}{Character vs Character}{chapter.4}% 20
\BOOKMARK [2][-]{subsection.4.3.1}{Damage}{section.4.3}% 21
\BOOKMARK [1][-]{section.4.4}{Cool tokens}{chapter.4}% 22
\BOOKMARK [0][-]{chapter.5}{Health and Energy}{part.2}% 23
\BOOKMARK [1][-]{section.5.1}{Health}{chapter.5}% 24
\BOOKMARK [2][-]{subsection.5.1.1}{Maximum Health }{section.5.1}% 25
\BOOKMARK [2][-]{subsection.5.1.2}{Permanent Wounds}{section.5.1}% 26
\BOOKMARK [2][-]{subsection.5.1.3}{Death}{section.5.1}% 27
\BOOKMARK [1][-]{section.5.2}{Energy}{chapter.5}% 28
\BOOKMARK [2][-]{subsection.5.2.1}{Maximum Energy }{section.5.2}% 29
\BOOKMARK [2][-]{subsection.5.2.2}{Technique Resource}{section.5.2}% 30
\BOOKMARK [2][-]{subsection.5.2.3}{Damage Diversion}{section.5.2}% 31
\BOOKMARK [2][-]{subsection.5.2.4}{Exersion}{section.5.2}% 32
\BOOKMARK [2][-]{subsection.5.2.5}{Passing Out}{section.5.2}% 33
\BOOKMARK [0][-]{chapter.6}{Encounters}{part.2}% 34
\BOOKMARK [-1][-]{part.3}{III Character Creation}{}% 35
\BOOKMARK [0][-]{chapter.7}{Character Attributes}{part.3}% 36
\BOOKMARK [1][-]{section.7.1}{Attribute Points}{chapter.7}% 37
\BOOKMARK [1][-]{section.7.2}{BURST}{chapter.7}% 38
\BOOKMARK [1][-]{section.7.3}{Attribute Usage}{chapter.7}% 39
\BOOKMARK [2][-]{subsection.7.3.1}{Knowledge [KNO]}{section.7.3}% 40
\BOOKMARK [2][-]{subsection.7.3.2}{Power [POW]}{section.7.3}% 41
\BOOKMARK [2][-]{subsection.7.3.3}{Endurance [END]}{section.7.3}% 42
\BOOKMARK [2][-]{subsection.7.3.4}{Speed [SPD]}{section.7.3}% 43
\BOOKMARK [2][-]{subsection.7.3.5}{Foresight [ESP]}{section.7.3}% 44
\BOOKMARK [0][-]{chapter.8}{Abilities: Skills and Techniques}{part.3}% 45
\BOOKMARK [1][-]{section.8.1}{Skills}{chapter.8}% 46
\BOOKMARK [1][-]{section.8.2}{Techniques}{chapter.8}% 47
\BOOKMARK [1][-]{section.8.3}{AWESOME/AWFUL }{chapter.8}% 48
\BOOKMARK [0][-]{chapter.9}{Character Development}{part.3}% 49
\BOOKMARK [1][-]{section.9.1}{Advancement}{chapter.9}% 50
\BOOKMARK [2][-]{subsection.9.1.1}{Attribute Advancement}{section.9.1}% 51
\BOOKMARK [2][-]{subsection.9.1.2}{Ability Advancement}{section.9.1}% 52
\BOOKMARK [1][-]{section.9.2}{Injuries \046 Enhancements}{chapter.9}% 53
\BOOKMARK [1][-]{section.9.3}{Possessions}{chapter.9}% 54
\BOOKMARK [1][-]{section.9.4}{Persons, Places, \046 Things of Interest}{chapter.9}% 55
